生成启动时间为 2018/7/13/周五 15:04:54。
     1>项目“D:\VS2010  WorkSpace\Greedy_Activity_Selector\Greedy_Activity_Selector\Greedy_Activity_Selector.vcxproj”在节点 2 上(build 个目标)。
     1>InitializeBuildStatus:
         正在创建“Debug\Greedy_Activity_Selector.unsuccessfulbuild”，因为已指定“AlwaysCreate”。
       ClCompile:
         C:\Program Files (x86)\Microsoft Visual Studio 10.0\VC\bin\CL.exe /c /ZI /nologo /W3 /WX- /Od /Oy- /D _MBCS /Gm /EHsc /RTC1 /MDd /GS /fp:precise /Zc:wchar_t /Zc:forScope /Fo"Debug\\" /Fd"Debug\vc100.pdb" /Gd /TP /analyze- /errorReport:prompt activity_Selector.cpp
         activity_Selector.cpp
     1>d:\vs2010  workspace\greedy_activity_selector\greedy_activity_selector\activity_selector.cpp(23): warning C4018: “<”: 有符号/无符号不匹配
       Link:
         C:\Program Files (x86)\Microsoft Visual Studio 10.0\VC\bin\link.exe /ERRORREPORT:PROMPT /OUT:"D:\VS2010  WorkSpace\Greedy_Activity_Selector\Debug\Greedy_Activity_Selector.exe" /NOLOGO kernel32.lib user32.lib gdi32.lib winspool.lib comdlg32.lib advapi32.lib shell32.lib ole32.lib oleaut32.lib uuid.lib odbc32.lib odbccp32.lib /MANIFEST /ManifestFile:"Debug\Greedy_Activity_Selector.exe.intermediate.manifest" /MANIFESTUAC:"level='asInvoker' uiAccess='false'" /DEBUG /PDB:"D:\VS2010  WorkSpace\Greedy_Activity_Selector\Debug\Greedy_Activity_Selector.pdb" /TLBID:1 /DYNAMICBASE /NXCOMPAT /IMPLIB:"D:\VS2010  WorkSpace\Greedy_Activity_Selector\Debug\Greedy_Activity_Selector.lib" /MACHINE:X86 Debug\activity_Selector.obj
         LINK : 没有找到 D:\VS2010  WorkSpace\Greedy_Activity_Selector\Debug\Greedy_Activity_Selector.exe 或上一个增量链接没有生成它；正在执行完全链接
         Greedy_Activity_Selector.vcxproj -> D:\VS2010  WorkSpace\Greedy_Activity_Selector\Debug\Greedy_Activity_Selector.exe
       Manifest:
         C:\Program Files (x86)\Microsoft SDKs\Windows\v7.0A\bin\mt.exe /nologo /verbose /outputresource:"D:\VS2010  WorkSpace\Greedy_Activity_Selector\Debug\Greedy_Activity_Selector.exe;#1" /manifest Debug\Greedy_Activity_Selector.exe.intermediate.manifest
       FinalizeBuildStatus:
         正在删除文件“Debug\Greedy_Activity_Selector.unsuccessfulbuild”。
         正在对“Debug\Greedy_Activity_Selector.lastbuildstate”执行 Touch 任务。
     1>已完成生成项目“D:\VS2010  WorkSpace\Greedy_Activity_Selector\Greedy_Activity_Selector\Greedy_Activity_Selector.vcxproj”(build 个目标)的操作。

生成成功。

已用时间 00:00:00.93
