生成启动时间为 2018/7/11/周三 20:38:11。
     1>项目“D:\VS2010  WorkSpace\Dynamic_Prog_Matrix_Chain_Order\Dynamic_Prog_Matrix_Chain_Order\Dynamic_Prog_Matrix_Chain_Order.vcxproj”在节点 2 上(build 个目标)。
     1>InitializeBuildStatus:
         正在创建“Debug\Dynamic_Prog_Matrix_Chain_Order.unsuccessfulbuild”，因为已指定“AlwaysCreate”。
       ClCompile:
         C:\Program Files (x86)\Microsoft Visual Studio 10.0\VC\bin\CL.exe /c /ZI /nologo /W3 /WX- /Od /Oy- /D _MBCS /Gm /EHsc /RTC1 /MDd /GS /fp:precise /Zc:wchar_t /Zc:forScope /Fo"Debug\\" /Fd"Debug\vc100.pdb" /Gd /TP /analyze- /errorReport:prompt Matrix_Chain_Order.cpp
         Matrix_Chain_Order.cpp
     1>d:\vs2010  workspace\dynamic_prog_matrix_chain_order\dynamic_prog_matrix_chain_order\matrix_chain_order.cpp(14): warning C4244: “=”: 从“double”转换到“int”，可能丢失数据
       Link:
         C:\Program Files (x86)\Microsoft Visual Studio 10.0\VC\bin\link.exe /ERRORREPORT:PROMPT /OUT:"D:\VS2010  WorkSpace\Dynamic_Prog_Matrix_Chain_Order\Debug\Dynamic_Prog_Matrix_Chain_Order.exe" /NOLOGO kernel32.lib user32.lib gdi32.lib winspool.lib comdlg32.lib advapi32.lib shell32.lib ole32.lib oleaut32.lib uuid.lib odbc32.lib odbccp32.lib /MANIFEST /ManifestFile:"Debug\Dynamic_Prog_Matrix_Chain_Order.exe.intermediate.manifest" /MANIFESTUAC:"level='asInvoker' uiAccess='false'" /DEBUG /PDB:"D:\VS2010  WorkSpace\Dynamic_Prog_Matrix_Chain_Order\Debug\Dynamic_Prog_Matrix_Chain_Order.pdb" /TLBID:1 /DYNAMICBASE /NXCOMPAT /IMPLIB:"D:\VS2010  WorkSpace\Dynamic_Prog_Matrix_Chain_Order\Debug\Dynamic_Prog_Matrix_Chain_Order.lib" /MACHINE:X86 Debug\Matrix_Chain_Order.obj
         LINK : 没有找到 D:\VS2010  WorkSpace\Dynamic_Prog_Matrix_Chain_Order\Debug\Dynamic_Prog_Matrix_Chain_Order.exe 或上一个增量链接没有生成它；正在执行完全链接
         Dynamic_Prog_Matrix_Chain_Order.vcxproj -> D:\VS2010  WorkSpace\Dynamic_Prog_Matrix_Chain_Order\Debug\Dynamic_Prog_Matrix_Chain_Order.exe
       Manifest:
         C:\Program Files (x86)\Microsoft SDKs\Windows\v7.0A\bin\mt.exe /nologo /verbose /outputresource:"D:\VS2010  WorkSpace\Dynamic_Prog_Matrix_Chain_Order\Debug\Dynamic_Prog_Matrix_Chain_Order.exe;#1" /manifest Debug\Dynamic_Prog_Matrix_Chain_Order.exe.intermediate.manifest
       FinalizeBuildStatus:
         正在删除文件“Debug\Dynamic_Prog_Matrix_Chain_Order.unsuccessfulbuild”。
         正在对“Debug\Dynamic_Prog_Matrix_Chain_Order.lastbuildstate”执行 Touch 任务。
     1>已完成生成项目“D:\VS2010  WorkSpace\Dynamic_Prog_Matrix_Chain_Order\Dynamic_Prog_Matrix_Chain_Order\Dynamic_Prog_Matrix_Chain_Order.vcxproj”(build 个目标)的操作。

生成成功。

已用时间 00:00:10.87
