生成启动时间为 2018/7/4/周三 11:05:54。
     1>项目“D:\VS2010  WorkSpace\insertion-sort\insertion-sort\insertion-sort.vcxproj”在节点 2 上(build 个目标)。
     1>PrepareForBuild:
         正在创建目录“D:\VS2010  WorkSpace\insertion-sort\Debug\”。
       InitializeBuildStatus:
         正在创建“Debug\insertion-sort.unsuccessfulbuild”，因为已指定“AlwaysCreate”。
       ClCompile:
         C:\Program Files (x86)\Microsoft Visual Studio 10.0\VC\bin\CL.exe /c /ZI /nologo /W3 /WX- /Od /Oy- /D _MBCS /Gm /EHsc /RTC1 /MDd /GS /fp:precise /Zc:wchar_t /Zc:forScope /Fo"Debug\\" /Fd"Debug\vc100.pdb" /Gd /TP /analyze- /errorReport:prompt "insertion-sort.cpp"
         insertion-sort.cpp
       Link:
         C:\Program Files (x86)\Microsoft Visual Studio 10.0\VC\bin\link.exe /ERRORREPORT:PROMPT /OUT:"D:\VS2010  WorkSpace\insertion-sort\Debug\insertion-sort.exe" /NOLOGO kernel32.lib user32.lib gdi32.lib winspool.lib comdlg32.lib advapi32.lib shell32.lib ole32.lib oleaut32.lib uuid.lib odbc32.lib odbccp32.lib /MANIFEST /ManifestFile:"Debug\insertion-sort.exe.intermediate.manifest" /MANIFESTUAC:"level='asInvoker' uiAccess='false'" /DEBUG /PDB:"D:\VS2010  WorkSpace\insertion-sort\Debug\insertion-sort.pdb" /TLBID:1 /DYNAMICBASE /NXCOMPAT /IMPLIB:"D:\VS2010  WorkSpace\insertion-sort\Debug\insertion-sort.lib" /MACHINE:X86 "Debug\insertion-sort.obj"
         insertion-sort.vcxproj -> D:\VS2010  WorkSpace\insertion-sort\Debug\insertion-sort.exe
       Manifest:
         C:\Program Files (x86)\Microsoft SDKs\Windows\v7.0A\bin\mt.exe /nologo /verbose /outputresource:"D:\VS2010  WorkSpace\insertion-sort\Debug\insertion-sort.exe;#1" /manifest "Debug\insertion-sort.exe.intermediate.manifest"
       FinalizeBuildStatus:
         正在删除文件“Debug\insertion-sort.unsuccessfulbuild”。
         正在对“Debug\insertion-sort.lastbuildstate”执行 Touch 任务。
     1>已完成生成项目“D:\VS2010  WorkSpace\insertion-sort\insertion-sort\insertion-sort.vcxproj”(build 个目标)的操作。

生成成功。

已用时间 00:00:01.71
